Spark Command: /usr/lib/jvm/java-8-openjdk-amd64/jre/bin/java -cp /opt/spark-2.3.4-bin-hadoop2.7/conf/:/opt/spark-2.3.4-bin-hadoop2.7/jars/* -Xmx1g org.apache.spark.deploy.master.Master --host 377771ee238d --port 7077 --webui-port 8080
========================================
2022-08-09 05:21:19 INFO  Master:2612 - Started daemon with process name: 1568@377771ee238d
2022-08-09 05:21:19 INFO  SignalUtils:54 - Registered signal handler for TERM
2022-08-09 05:21:19 INFO  SignalUtils:54 - Registered signal handler for HUP
2022-08-09 05:21:19 INFO  SignalUtils:54 - Registered signal handler for INT
2022-08-09 05:21:23 WARN  NativeCodeLoader:62 - Unable to load native-hadoop library for your platform... using builtin-java classes where applicable
2022-08-09 05:21:23 INFO  SecurityManager:54 - Changing view acls to: root
2022-08-09 05:21:23 INFO  SecurityManager:54 - Changing modify acls to: root
2022-08-09 05:21:23 INFO  SecurityManager:54 - Changing view acls groups to: 
2022-08-09 05:21:23 INFO  SecurityManager:54 - Changing modify acls groups to: 
2022-08-09 05:21:23 INFO  SecurityManager:54 - SecurityManager: authentication disabled; ui acls disabled; users  with view permissions: Set(root); groups with view permissions: Set(); users  with modify permissions: Set(root); groups with modify permissions: Set()
2022-08-09 05:21:25 INFO  Utils:54 - Successfully started service 'sparkMaster' on port 7077.
2022-08-09 05:21:25 INFO  Master:54 - Starting Spark master at spark://377771ee238d:7077
2022-08-09 05:21:25 INFO  Master:54 - Running Spark version 2.3.4
2022-08-09 05:21:26 INFO  log:192 - Logging initialized @17748ms
2022-08-09 05:21:26 INFO  Server:351 - jetty-9.3.z-SNAPSHOT, build timestamp: unknown, git hash: unknown
2022-08-09 05:21:26 INFO  Server:419 - Started @18044ms
2022-08-09 05:21:26 INFO  AbstractConnector:278 - Started ServerConnector@5d05702c{HTTP/1.1,[http/1.1]}{0.0.0.0:8080}
2022-08-09 05:21:26 INFO  Utils:54 - Successfully started service 'MasterUI' on port 8080.
2022-08-09 05:21:26 INFO  ContextHandler:781 - Started o.s.j.s.ServletContextHandler@75d44d6f{/app,null,AVAILABLE,@Spark}
2022-08-09 05:21:26 INFO  ContextHandler:781 - Started o.s.j.s.ServletContextHandler@71f0ba88{/app/json,null,AVAILABLE,@Spark}
2022-08-09 05:21:26 INFO  ContextHandler:781 - Started o.s.j.s.ServletContextHandler@255778f4{/,null,AVAILABLE,@Spark}
2022-08-09 05:21:26 INFO  ContextHandler:781 - Started o.s.j.s.ServletContextHandler@12bbd4f5{/json,null,AVAILABLE,@Spark}
2022-08-09 05:21:26 INFO  ContextHandler:781 - Started o.s.j.s.ServletContextHandler@66eb08d0{/static,null,AVAILABLE,@Spark}
2022-08-09 05:21:26 INFO  ContextHandler:781 - Started o.s.j.s.ServletContextHandler@16eae5f1{/app/kill,null,AVAILABLE,@Spark}
2022-08-09 05:21:26 INFO  ContextHandler:781 - Started o.s.j.s.ServletContextHandler@54332cca{/driver/kill,null,AVAILABLE,@Spark}
2022-08-09 05:21:26 INFO  MasterWebUI:54 - Bound MasterWebUI to 0.0.0.0, and started at http://377771ee238d:8080
2022-08-09 05:21:26 INFO  Server:351 - jetty-9.3.z-SNAPSHOT, build timestamp: unknown, git hash: unknown
2022-08-09 05:21:26 INFO  ContextHandler:781 - Started o.s.j.s.ServletContextHandler@1502024d{/,null,AVAILABLE}
2022-08-09 05:21:26 INFO  AbstractConnector:278 - Started ServerConnector@197f531f{HTTP/1.1,[http/1.1]}{377771ee238d:6066}
2022-08-09 05:21:26 INFO  Server:419 - Started @18657ms
2022-08-09 05:21:26 INFO  Utils:54 - Successfully started service on port 6066.
2022-08-09 05:21:26 INFO  StandaloneRestServer:54 - Started REST server for submitting applications on port 6066
2022-08-09 05:21:27 INFO  ContextHandler:781 - Started o.s.j.s.ServletContextHandler@77a160de{/metrics/master/json,null,AVAILABLE,@Spark}
2022-08-09 05:21:27 INFO  ContextHandler:781 - Started o.s.j.s.ServletContextHandler@48b09322{/metrics/applications/json,null,AVAILABLE,@Spark}
2022-08-09 05:21:27 INFO  Master:54 - I have been elected leader! New state: ALIVE
2022-08-09 05:23:27 INFO  Master:54 - Registering worker 172.18.0.2:33505 with 2 cores, 6.3 GB RAM
